15:05:36.443 [main] DEBUG io.netty.buffer.PooledByteBufAllocator - -Dio.netty.allocator.cacheTrimIntervalMillis: 0
15:05:36.455 [main] DEBUG io.netty.buffer.PooledByteBufAllocator - -Dio.netty.allocator.useCacheForAllThreads: true
15:05:36.455 [main] DEBUG io.netty.buffer.PooledByteBufAllocator - -Dio.netty.allocator.maxCachedByteBuffersPerChunk: 1023
15:05:36.578 [main] DEBUG io.netty.buffer.ByteBufUtil - -Dio.netty.allocator.type: pooled
15:05:36.579 [main] DEBUG io.netty.buffer.ByteBufUtil - -Dio.netty.threadLocalDirectBufferSize: 0
15:05:36.579 [main] DEBUG io.netty.buffer.ByteBufUtil - -Dio.netty.maxThreadLocalCharBufferSize: 16384
15:05:38.246 [Forwarding newSession on session null to remote] DEBUG io.netty.channel.DefaultChannelId - -Dio.netty.processId: 13656 (auto-detected)
15:05:38.255 [Forwarding newSession on session null to remote] DEBUG io.netty.util.NetUtil - -Djava.net.preferIPv4Stack: false
15:05:38.256 [Forwarding newSession on session null to remote] DEBUG io.netty.util.NetUtil - -Djava.net.preferIPv6Addresses: false
15:05:38.507 [Forwarding newSession on session null to remote] DEBUG io.netty.util.NetUtilInitializations - Loopback interface: lo (Software Loopback Interface 1, 127.0.0.1)
15:05:38.508 [Forwarding newSession on session null to remote] DEBUG io.netty.util.NetUtil - Failed to get SOMAXCONN from sysctl and file \proc\sys\net\core\somaxconn. Default: 200
15:05:38.692 [Forwarding newSession on session null to remote] DEBUG io.netty.channel.DefaultChannelId - -Dio.netty.machineId: e4:f8:9c:ff:fe:ac:b5:4d (auto-detected)
15:05:38.811 [AsyncHttpClient-1-2] DEBUG io.netty.buffer.AbstractByteBuf - -Dio.netty.buffer.checkAccessible: true
15:05:38.811 [AsyncHttpClient-1-2] DEBUG io.netty.buffer.AbstractByteBuf - -Dio.netty.buffer.checkBounds: true
15:05:38.812 [AsyncHttpClient-1-2] DEBUG io.netty.util.ResourceLeakDetectorFactory - Loaded default ResourceLeakDetector: io.netty.util.ResourceLeakDetector@c1be344
15:05:38.878 [AsyncHttpClient-1-2] DEBUG io.netty.util.Recycler - -Dio.netty.recycler.maxCapacityPerThread: 4096
15:05:38.879 [AsyncHttpClient-1-2] DEBUG io.netty.util.Recycler - -Dio.netty.recycler.maxSharedCapacityFactor: 2
15:05:38.879 [AsyncHttpClient-1-2] DEBUG io.netty.util.Recycler - -Dio.netty.recycler.linkCapacity: 16
15:05:38.879 [AsyncHttpClient-1-2] DEBUG io.netty.util.Recycler - -Dio.netty.recycler.ratio: 8
15:05:38.879 [AsyncHttpClient-1-2] DEBUG io.netty.util.Recycler - -Dio.netty.recycler.delayedQueue.ratio: 8
15:05:48.803 [main] DEBUG io.netty.util.internal.ThreadLocalRandom - -Dio.netty.initialSeedUniquifier: 0x286b5aabecb02bc8
15:05:49.534 [main] INFO  testCases.TC_001_RegistrationPage - Launched Chrome Browser
15:05:49.674 [main] INFO  testCases.TC_001_RegistrationPage -  Starting TC_001_RegistrationPage 
15:05:56.080 [main] INFO  testCases.TC_001_RegistrationPage - Home Page Displayed 
15:05:58.618 [main] INFO  testCases.TC_001_RegistrationPage - Clicked on My Account 
15:06:01.163 [main] INFO  testCases.TC_001_RegistrationPage - Clicked on Register 
15:06:02.461 [main] INFO  testCases.TC_001_RegistrationPage - Provided First Name 
15:06:02.736 [main] INFO  testCases.TC_001_RegistrationPage - Provided Last Name 
15:06:02.941 [main] INFO  testCases.TC_001_RegistrationPage - Provided Email 
15:06:03.050 [main] INFO  testCases.TC_001_RegistrationPage - Provided Telephone 
15:06:03.413 [main] INFO  testCases.TC_001_RegistrationPage - Provided Password 
15:06:03.499 [main] INFO  testCases.TC_001_RegistrationPage - Provided Confrmed Password 
15:06:03.584 [main] INFO  testCases.TC_001_RegistrationPage - Set Privacy Policy 
15:06:05.490 [main] INFO  testCases.TC_001_RegistrationPage - Clicked on Continue 
15:06:05.536 [main] INFO  testCases.TC_001_RegistrationPage - Account Registration Success 
15:06:05.550 [main] INFO  testCases.TC_001_RegistrationPage -  Finished TC_001_RegistrationPage 
15:06:10.928 [main] INFO  testCases.TC_002_LoginTest - Launched Chrome Browser
15:06:10.937 [main] INFO  testCases.TC_002_LoginTest -  Starting TC_001_RegistrationPage 
15:06:16.428 [main] INFO  testCases.TC_002_LoginTest - Home Page Displayed 
15:06:19.750 [main] INFO  testCases.TC_002_LoginTest - Clicked on My Account 
15:06:20.899 [main] INFO  testCases.TC_002_LoginTest - Clicked on Login 
15:06:21.114 [main] INFO  testCases.TC_002_LoginTest - Provided Email 
15:06:21.208 [main] INFO  testCases.TC_002_LoginTest - Provided Password 
15:06:22.020 [main] INFO  testCases.TC_002_LoginTest - Clicked on Login
15:06:25.169 [main] INFO  testCases.TC_002_LoginTest - Login Success 
15:06:25.169 [main] INFO  testCases.TC_002_LoginTest -  Finished TC_002_Login 
15:06:26.749 [AsyncHttpClient-1-3] DEBUG io.netty.buffer.PoolThreadCache - Freed 2 thread-local buffer(s) from thread: AsyncHttpClient-1-3
23:40:33.407 [main] DEBUG io.netty.util.internal.logging.InternalLoggerFactory - Using Log4J2 as the default logging framework
23:40:33.488 [main] DEBUG io.netty.util.ResourceLeakDetector - -Dio.netty.leakDetection.level: simple
23:40:33.489 [main] DEBUG io.netty.util.ResourceLeakDetector - -Dio.netty.leakDetection.targetRecords: 4
23:40:33.498 [main] DEBUG io.netty.util.ResourceLeakDetectorFactory - Loaded default ResourceLeakDetector: io.netty.util.ResourceLeakDetector@224b4d61
23:40:33.527 [main] DEBUG io.netty.util.internal.PlatformDependent - Platform: Windows
23:40:33.530 [main] DEBUG io.netty.util.internal.PlatformDependent0 - -Dio.netty.noUnsafe: false
23:40:33.530 [main] DEBUG io.netty.util.internal.PlatformDependent0 - Java version: 8
23:40:33.533 [main] DEBUG io.netty.util.internal.PlatformDependent0 - sun.misc.Unsafe.theUnsafe: available
23:40:33.533 [main] DEBUG io.netty.util.internal.PlatformDependent0 - sun.misc.Unsafe.copyMemory: available
23:40:33.534 [main] DEBUG io.netty.util.internal.PlatformDependent0 - java.nio.Buffer.address: available
23:40:33.535 [main] DEBUG io.netty.util.internal.PlatformDependent0 - direct buffer constructor: available
23:40:33.536 [main] DEBUG io.netty.util.internal.PlatformDependent0 - java.nio.Bits.unaligned: available, true
23:40:33.536 [main] DEBUG io.netty.util.internal.PlatformDependent0 - jdk.internal.misc.Unsafe.allocateUninitializedArray(int): unavailable prior to Java9
23:40:33.536 [main] DEBUG io.netty.util.internal.PlatformDependent0 - java.nio.DirectByteBuffer.<init>(long, int): available
23:40:33.536 [main] DEBUG io.netty.util.internal.PlatformDependent - sun.misc.Unsafe: available
23:40:33.537 [main] DEBUG io.netty.util.internal.PlatformDependent - -Dio.netty.tmpdir: C:\Users\Admin\AppData\Local\Temp (java.io.tmpdir)
23:40:33.537 [main] DEBUG io.netty.util.internal.PlatformDependent - -Dio.netty.bitMode: 64 (sun.arch.data.model)
23:40:33.539 [main] DEBUG io.netty.util.internal.PlatformDependent - -Dio.netty.maxDirectMemory: 934281216 bytes
23:40:33.539 [main] DEBUG io.netty.util.internal.PlatformDependent - -Dio.netty.uninitializedArrayAllocationThreshold: -1
23:40:33.541 [main] DEBUG io.netty.util.internal.CleanerJava6 - java.nio.ByteBuffer.cleaner(): available
23:40:33.541 [main] DEBUG io.netty.util.internal.PlatformDependent - -Dio.netty.noPreferDirect: false
23:40:33.553 [main] DEBUG io.netty.util.internal.PlatformDependent - org.jctools-core.MpscChunkedArrayQueue: available
23:40:33.634 [main] DEBUG io.netty.util.internal.InternalThreadLocalMap - -Dio.netty.threadLocalMap.stringBuilder.initialSize: 1024
23:40:33.634 [main] DEBUG io.netty.util.internal.InternalThreadLocalMap - -Dio.netty.threadLocalMap.stringBuilder.maxSize: 4096
23:40:33.690 [main] DEBUG io.netty.handler.ssl.JdkSslContext - Default protocols (JDK): [TLSv1.2, TLSv1.1, TLSv1] 
23:40:33.690 [main] DEBUG io.netty.handler.ssl.JdkSslContext - Default cipher suites (JDK): [TLS_ECDHE_ECDSA_WITH_AES_256_GCM_SHA384, TLS_ECDHE_ECDSA_WITH_AES_128_GCM_SHA256, TLS_ECDHE_RSA_WITH_AES_128_GCM_SHA256, TLS_ECDHE_RSA_WITH_AES_256_GCM_SHA384, TLS_ECDHE_RSA_WITH_AES_128_CBC_SHA, TLS_ECDHE_RSA_WITH_AES_256_CBC_SHA, TLS_RSA_WITH_AES_128_GCM_SHA256, TLS_RSA_WITH_AES_128_CBC_SHA, TLS_RSA_WITH_AES_256_CBC_SHA, TLS_AES_128_GCM_SHA256, TLS_AES_256_GCM_SHA384]
23:40:33.762 [main] DEBUG io.netty.channel.MultithreadEventLoopGroup - -Dio.netty.eventLoopThreads: 8
23:40:33.778 [main] DEBUG io.netty.channel.nio.NioEventLoop - -Dio.netty.noKeySetOptimization: false
23:40:33.778 [main] DEBUG io.netty.channel.nio.NioEventLoop - -Dio.netty.selectorAutoRebuildThreshold: 512
23:40:33.885 [main] TRACE io.netty.channel.nio.NioEventLoop - instrumented a special java.util.Set into: sun.nio.ch.WindowsSelectorImpl@62da83ed
23:40:33.886 [main] TRACE io.netty.channel.nio.NioEventLoop - instrumented a special java.util.Set into: sun.nio.ch.WindowsSelectorImpl@384fc774
23:40:33.887 [main] TRACE io.netty.channel.nio.NioEventLoop - instrumented a special java.util.Set into: sun.nio.ch.WindowsSelectorImpl@e3cee7b
23:40:33.888 [main] TRACE io.netty.channel.nio.NioEventLoop - instrumented a special java.util.Set into: sun.nio.ch.WindowsSelectorImpl@71e9a896
23:40:33.889 [main] TRACE io.netty.channel.nio.NioEventLoop - instrumented a special java.util.Set into: sun.nio.ch.WindowsSelectorImpl@6b9267b
23:40:33.893 [main] TRACE io.netty.channel.nio.NioEventLoop - instrumented a special java.util.Set into: sun.nio.ch.WindowsSelectorImpl@408b35bf
23:40:33.894 [main] TRACE io.netty.channel.nio.NioEventLoop - instrumented a special java.util.Set into: sun.nio.ch.WindowsSelectorImpl@29ad44e3
23:40:33.895 [main] TRACE io.netty.channel.nio.NioEventLoop - instrumented a special java.util.Set into: sun.nio.ch.WindowsSelectorImpl@15bcf458
23:40:34.080 [main] DEBUG io.netty.buffer.PooledByteBufAllocator - -Dio.netty.allocator.numHeapArenas: 8
23:40:34.080 [main] DEBUG io.netty.buffer.PooledByteBufAllocator - -Dio.netty.allocator.numDirectArenas: 8
23:40:34.083 [main] DEBUG io.netty.buffer.PooledByteBufAllocator - -Dio.netty.allocator.pageSize: 8192
23:40:34.083 [main] DEBUG io.netty.buffer.PooledByteBufAllocator - -Dio.netty.allocator.maxOrder: 11
23:40:34.084 [main] DEBUG io.netty.buffer.PooledByteBufAllocator - -Dio.netty.allocator.chunkSize: 16777216
23:40:34.084 [main] DEBUG io.netty.buffer.PooledByteBufAllocator - -Dio.netty.allocator.smallCacheSize: 256
23:40:34.084 [main] DEBUG io.netty.buffer.PooledByteBufAllocator - -Dio.netty.allocator.normalCacheSize: 64
23:40:34.084 [main] DEBUG io.netty.buffer.PooledByteBufAllocator - -Dio.netty.allocator.maxCachedBufferCapacity: 32768
23:40:34.085 [main] DEBUG io.netty.buffer.PooledByteBufAllocator - -Dio.netty.allocator.cacheTrimInterval: 8192
23:40:34.085 [main] DEBUG io.netty.buffer.PooledByteBufAllocator - -Dio.netty.allocator.cacheTrimIntervalMillis: 0
23:40:34.085 [main] DEBUG io.netty.buffer.PooledByteBufAllocator - -Dio.netty.allocator.useCacheForAllThreads: true
23:40:34.086 [main] DEBUG io.netty.buffer.PooledByteBufAllocator - -Dio.netty.allocator.maxCachedByteBuffersPerChunk: 1023
23:40:34.109 [main] DEBUG io.netty.buffer.ByteBufUtil - -Dio.netty.allocator.type: pooled
23:40:34.109 [main] DEBUG io.netty.buffer.ByteBufUtil - -Dio.netty.threadLocalDirectBufferSize: 0
23:40:34.109 [main] DEBUG io.netty.buffer.ByteBufUtil - -Dio.netty.maxThreadLocalCharBufferSize: 16384
23:40:36.313 [Forwarding newSession on session null to remote] DEBUG io.netty.channel.DefaultChannelId - -Dio.netty.processId: 18724 (auto-detected)
23:40:36.329 [Forwarding newSession on session null to remote] DEBUG io.netty.util.NetUtil - -Djava.net.preferIPv4Stack: false
23:40:36.329 [Forwarding newSession on session null to remote] DEBUG io.netty.util.NetUtil - -Djava.net.preferIPv6Addresses: false
23:40:36.549 [Forwarding newSession on session null to remote] DEBUG io.netty.util.NetUtilInitializations - Loopback interface: lo (Software Loopback Interface 1, 127.0.0.1)
23:40:36.550 [Forwarding newSession on session null to remote] DEBUG io.netty.util.NetUtil - Failed to get SOMAXCONN from sysctl and file \proc\sys\net\core\somaxconn. Default: 200
23:40:36.775 [Forwarding newSession on session null to remote] DEBUG io.netty.channel.DefaultChannelId - -Dio.netty.machineId: e4:f8:9c:ff:fe:ac:b5:4d (auto-detected)
23:40:36.873 [AsyncHttpClient-1-2] DEBUG io.netty.buffer.AbstractByteBuf - -Dio.netty.buffer.checkAccessible: true
23:40:36.874 [AsyncHttpClient-1-2] DEBUG io.netty.buffer.AbstractByteBuf - -Dio.netty.buffer.checkBounds: true
23:40:36.874 [AsyncHttpClient-1-2] DEBUG io.netty.util.ResourceLeakDetectorFactory - Loaded default ResourceLeakDetector: io.netty.util.ResourceLeakDetector@595ea71c
23:40:36.938 [AsyncHttpClient-1-2] DEBUG io.netty.util.Recycler - -Dio.netty.recycler.maxCapacityPerThread: 4096
23:40:36.938 [AsyncHttpClient-1-2] DEBUG io.netty.util.Recycler - -Dio.netty.recycler.maxSharedCapacityFactor: 2
23:40:36.938 [AsyncHttpClient-1-2] DEBUG io.netty.util.Recycler - -Dio.netty.recycler.linkCapacity: 16
23:40:36.938 [AsyncHttpClient-1-2] DEBUG io.netty.util.Recycler - -Dio.netty.recycler.ratio: 8
23:40:36.938 [AsyncHttpClient-1-2] DEBUG io.netty.util.Recycler - -Dio.netty.recycler.delayedQueue.ratio: 8
23:40:44.699 [main] DEBUG io.netty.util.internal.ThreadLocalRandom - -Dio.netty.initialSeedUniquifier: 0x7ab2af601036f3cf
23:40:44.784 [main] INFO  testCases.TC_001_RegistrationPage - Launched Chrome Browser
23:40:44.947 [main] INFO  testCases.TC_001_RegistrationPage -  Starting TC_001_RegistrationPage 
23:40:48.640 [main] INFO  testCases.TC_001_RegistrationPage - Home Page Displayed 
23:40:51.381 [main] INFO  testCases.TC_001_RegistrationPage - Clicked on My Account 
23:40:52.951 [main] INFO  testCases.TC_001_RegistrationPage - Clicked on Register 
23:40:53.289 [main] INFO  testCases.TC_001_RegistrationPage - Provided First Name 
23:40:53.445 [main] INFO  testCases.TC_001_RegistrationPage - Provided Last Name 
23:40:53.625 [main] INFO  testCases.TC_001_RegistrationPage - Provided Email 
23:40:53.734 [main] INFO  testCases.TC_001_RegistrationPage - Provided Telephone 
23:40:53.858 [main] INFO  testCases.TC_001_RegistrationPage - Provided Password 
23:40:53.945 [main] INFO  testCases.TC_001_RegistrationPage - Provided Confrmed Password 
23:40:54.029 [main] INFO  testCases.TC_001_RegistrationPage - Set Privacy Policy 
23:40:54.929 [main] INFO  testCases.TC_001_RegistrationPage - Clicked on Continue 
23:40:54.964 [main] INFO  testCases.TC_001_RegistrationPage - Account Registration Success 
23:40:55.041 [main] INFO  testCases.TC_001_RegistrationPage -  Finished TC_001_RegistrationPage 
23:40:57.473 [main] INFO  testCases.TC_002_LoginTest - Launched Chrome Browser
23:40:57.479 [main] INFO  testCases.TC_002_LoginTest -  Starting TC_001_RegistrationPage 
23:41:04.009 [main] INFO  testCases.TC_002_LoginTest - Home Page Displayed 
23:41:06.253 [main] INFO  testCases.TC_002_LoginTest - Clicked on My Account 
23:41:06.688 [main] INFO  testCases.TC_002_LoginTest - Clicked on Login 
23:41:06.945 [main] INFO  testCases.TC_002_LoginTest - Provided Email 
23:41:07.079 [main] INFO  testCases.TC_002_LoginTest - Provided Password 
23:41:07.971 [main] INFO  testCases.TC_002_LoginTest - Clicked on Login
23:41:11.144 [main] INFO  testCases.TC_002_LoginTest - Login Success 
23:41:11.144 [main] INFO  testCases.TC_002_LoginTest -  Finished TC_002_Login 
23:41:12.653 [AsyncHttpClient-1-3] DEBUG io.netty.buffer.PoolThreadCache - Freed 2 thread-local buffer(s) from thread: AsyncHttpClient-1-3
